<?xml version="1.0" encoding="UTF-8"?>
<testng-results ignored="0" total="1" passed="1" failed="0" skipped="0">
  <reporter-output>
  </reporter-output>
  <suite started-at="2022-07-29T13:13:35 EDT" name="Default suite" finished-at="2022-07-29T13:13:39 EDT" duration-ms="4197">
    <groups>
    </groups>
    <test started-at="2022-07-29T13:13:35 EDT" name="Default test" finished-at="2022-07-29T13:13:39 EDT" duration-ms="4197">
      <class name="hw16.FireFox">
        <test-method is-config="true" signature="setUp()[pri:0, instance:hw16.FireFox@32502377]" started-at="2022-07-29T13:13:35 EDT" name="setUp" finished-at="2022-07-29T13:13:37 EDT" duration-ms="2287" status="PASS">
          <reporter-output>
          </reporter-output>
        </test-method> <!-- setUp -->
        <test-method signature="usingFireFox()[pri:0, instance:hw16.FireFox@32502377]" started-at="2022-07-29T13:13:37 EDT" name="usingFireFox" finished-at="2022-07-29T13:13:38 EDT" duration-ms="471" status="PASS">
          <reporter-output>
          </reporter-output>
        </test-method> <!-- usingFireFox -->
        <test-method is-config="true" signature="quit()[pri:0, instance:hw16.FireFox@32502377]" started-at="2022-07-29T13:13:38 EDT" name="quit" finished-at="2022-07-29T13:13:39 EDT" duration-ms="1410" status="PASS">
          <reporter-output>
          </reporter-output>
        </test-method> <!-- quit -->
      </class> <!-- hw16.FireFox -->
    </test> <!-- Default test -->
  </suite> <!-- Default suite -->
</testng-results>
